# JRE version: OpenJDK Runtime Environment Temurin-21.0.10+7 (21.0.10+7) (build 21.0.10+7-LTS)
# Java VM: OpenJDK 64-Bit Server VM Temurin-21.0.10+7 (21.0.10+7-LTS, mixed mode, emulated-client, sharing, tiered, compressed oops, compressed class ptrs, g1 gc, windows-amd64)
GC Precious Log:
 CardTable entry size: 512
 Card Set container configuration: InlinePtr #cards 4 size 8 Array Of Cards #cards 16 size 48 Howl #buckets 8 coarsen threshold 3686 Howl Bitmap #cards 512 size 80 coarsen threshold 460 Card regions per heap region 1 cards per card region 4096
 CPUs: 16 total, 16 available
 Memory: 15556M
 Large Page Support: Disabled
 NUMA Support: Disabled
 Compressed Oops: Enabled (Zero based)
 Heap Region Size: 2M
 Heap Min Capacity: 8M
 Heap Initial Capacity: 244M
 Heap Max Capacity: 3890M
 Pre-touch: Disabled
 Parallel Workers: 13
 Concurrent Workers: 3
 Concurrent Refinement Workers: 13
 Periodic GC: Disabled
Heap:
 garbage-first heap   total 100352K, used 62906K [0x000000070ce00000, 0x0000000800000000)
  region size 2048K, 18 young (36864K), 3 survivors (6144K)
 Metaspace       used 73907K, committed 74688K, reserved 1114112K
  class space    used 10508K, committed 10816K, reserved 1048576K
GC Heap History (20 events):
Event: 1.728 GC heap after
{Heap after GC invocations=5 (full 0):
 garbage-first heap   total 59392K, used 15969K [0x000000070ce00000, 0x0000000800000000)
  region size 2048K, 5 young (10240K), 5 survivors (10240K)
 Metaspace       used 23999K, committed 24448K, reserved 1114112K
  class space    used 3334K, committed 3520K, reserved 1048576K
}
Event: 2.086 GC heap before
{Heap before GC invocations=5 (full 0):
 garbage-first heap   total 59392K, used 40545K [0x000000070ce00000, 0x0000000800000000)
  region size 2048K, 17 young (34816K), 5 survivors (10240K)
 Metaspace       used 26506K, committed 26944K, reserved 1114112K
  class space    used 3710K, committed 3904K, reserved 1048576K
}
Event: 2.090 GC heap after
{Heap after GC invocations=6 (full 0):
 garbage-first heap   total 59392K, used 16647K [0x000000070ce00000, 0x0000000800000000)
  region size 2048K, 1 young (2048K), 1 survivors (2048K)
 Metaspace       used 26506K, committed 26944K, reserved 1114112K
  class space    used 3710K, committed 3904K, reserved 1048576K
}
Event: 2.546 GC heap before
{Heap before GC invocations=6 (full 0):
 garbage-first heap   total 59392K, used 45319K [0x000000070ce00000, 0x0000000800000000)
  region size 2048K, 15 young (30720K), 1 survivors (2048K)
 Metaspace       used 30772K, committed 31296K, reserved 1114112K
  class space    used 4368K, committed 4608K, reserved 1048576K
}
Event: 2.549 GC heap after
{Heap after GC invocations=7 (full 0):
 garbage-first heap   total 59392K, used 19397K [0x000000070ce00000, 0x0000000800000000)
  region size 2048K, 2 young (4096K), 2 survivors (4096K)
 Metaspace       used 30772K, committed 31296K, reserved 1114112K
  class space    used 4368K, committed 4608K, reserved 1048576K
}
Event: 2.809 GC heap before
{Heap before GC invocations=7 (full 0):
 garbage-first heap   total 59392K, used 35781K [0x000000070ce00000, 0x0000000800000000)
  region size 2048K, 11 young (22528K), 2 survivors (4096K)
 Metaspace       used 32684K, committed 33216K, reserved 1114112K
  class space    used 4640K, committed 4864K, reserved 1048576K
}
Event: 2.812 GC heap after
{Heap after GC invocations=8 (full 0):
 garbage-first heap   total 59392K, used 21055K [0x000000070ce00000, 0x0000000800000000)
  region size 2048K, 1 young (2048K), 1 survivors (2048K)
 Metaspace       used 32684K, committed 33216K, reserved 1114112K
  class space    used 4640K, committed 4864K, reserved 1048576K
}
Event: 3.224 GC heap before
{Heap before GC invocations=9 (full 0):
 garbage-first heap   total 59392K, used 47679K [0x000000070ce00000, 0x0000000800000000)
  region size 2048K, 14 young (28672K), 1 survivors (2048K)
 Metaspace       used 38636K, committed 39232K, reserved 1114112K
  class space    used 5584K, committed 5824K, reserved 1048576K
}
Event: 3.226 GC heap after
{Heap after GC invocations=10 (full 0):
 garbage-first heap   total 155648K, used 22056K [0x000000070ce00000, 0x0000000800000000)
  region size 2048K, 2 young (4096K), 2 survivors (4096K)
 Metaspace       used 38636K, committed 39232K, reserved 1114112K
  class space    used 5584K, committed 5824K, reserved 1048576K
}
Event: 4.200 GC heap before
{Heap before GC invocations=10 (full 0):
 garbage-first heap   total 155648K, used 75304K [0x000000070ce00000, 0x0000000800000000)
  region size 2048K, 29 young (59392K), 2 survivors (4096K)
 Metaspace       used 54994K, committed 55616K, reserved 1114112K
  class space    used 7757K, committed 8064K, reserved 1048576K
}
Event: 4.205 GC heap after
{Heap after GC invocations=11 (full 0):
 garbage-first heap   total 155648K, used 25541K [0x000000070ce00000, 0x0000000800000000)
  region size 2048K, 4 young (8192K), 4 survivors (8192K)
 Metaspace       used 54994K, committed 55616K, reserved 1114112K
  class space    used 7757K, committed 8064K, reserved 1048576K
}
Event: 4.228 GC heap before
{Heap before GC invocations=11 (full 0):
 garbage-first heap   total 155648K, used 27589K [0x000000070ce00000, 0x0000000800000000)
  region size 2048K, 6 young (12288K), 4 survivors (8192K)
 Metaspace       used 55346K, committed 55936K, reserved 1114112K
  class space    used 7796K, committed 8064K, reserved 1048576K
}
Event: 4.231 GC heap after
{Heap after GC invocations=12 (full 0):
 garbage-first heap   total 155648K, used 26189K [0x000000070ce00000, 0x0000000800000000)
  region size 2048K, 3 young (6144K), 3 survivors (6144K)
 Metaspace       used 55346K, committed 55936K, reserved 1114112K
  class space    used 7796K, committed 8064K, reserved 1048576K
}
Event: 5.330 GC heap before
{Heap before GC invocations=13 (full 0):
 garbage-first heap   total 90112K, used 89677K [0x000000070ce00000, 0x0000000800000000)
  region size 2048K, 34 young (69632K), 3 survivors (6144K)
 Metaspace       used 67840K, committed 68544K, reserved 1114112K
  class space    used 9667K, committed 9984K, reserved 1048576K
}
Event: 5.336 GC heap after
{Heap after GC invocations=14 (full 0):
 garbage-first heap   total 100352K, used 30444K [0x000000070ce00000, 0x0000000800000000)
  region size 2048K, 5 young (10240K), 5 survivors (10240K)
 Metaspace       used 67840K, committed 68544K, reserved 1114112K
  class space    used 9667K, committed 9984K, reserved 1048576K
}
Event: 100.701 GC heap before
{Heap before GC invocations=14 (full 0):
 garbage-first heap   total 100352K, used 67308K [0x000000070ce00000, 0x0000000800000000)
  region size 2048K, 25 young (51200K), 5 survivors (10240K)
 Metaspace       used 73710K, committed 74496K, reserved 1114112K
  class space    used 10489K, committed 10816K, reserved 1048576K
}
Event: 100.743 GC heap after
{Heap after GC invocations=15 (full 1):
 garbage-first heap   total 100352K, used 29457K [0x000000070ce00000, 0x0000000800000000)
  region size 2048K, 0 young (0K), 0 survivors (0K)
 Metaspace       used 73710K, committed 74496K, reserved 1114112K
  class space    used 10489K, committed 10816K, reserved 1048576K
}
Event: 101.335 GC heap before
{Heap before GC invocations=15 (full 1):
 garbage-first heap   total 100352K, used 80657K [0x000000070ce00000, 0x0000000800000000)
  region size 2048K, 25 young (51200K), 0 survivors (0K)
 Metaspace       used 73900K, committed 74688K, reserved 1114112K
  class space    used 10506K, committed 10816K, reserved 1048576K
}
Event: 101.337 GC heap after
{Heap after GC invocations=16 (full 1):
 garbage-first heap   total 100352K, used 34234K [0x000000070ce00000, 0x0000000800000000)
  region size 2048K, 3 young (6144K), 3 survivors (6144K)
 Metaspace       used 73900K, committed 74688K, reserved 1114112K
  class space    used 10506K, committed 10816K, reserved 1048576K
}
Event: 457.859 GC heap before
{Heap before GC invocations=16 (full 1):
 garbage-first heap   total 100352K, used 62906K [0x000000070ce00000, 0x0000000800000000)
  region size 2048K, 18 young (36864K), 3 survivors (6144K)
 Metaspace       used 73907K, committed 74688K, reserved 1114112K
  class space    used 10508K, committed 10816K, reserved 1048576K
}

