# JRE version: OpenJDK Runtime Environment Temurin-21.0.10+7 (21.0.10+7) (build 21.0.10+7-LTS)
# Java VM: OpenJDK 64-Bit Server VM Temurin-21.0.10+7 (21.0.10+7-LTS, mixed mode, sharing, tiered, compressed oops, compressed class ptrs, g1 gc, windows-amd64)
GC Precious Log:
 CardTable entry size: 512
 Card Set container configuration: InlinePtr #cards 5 size 8 Array Of Cards #cards 12 size 40 Howl #buckets 4 coarsen threshold 1843 Howl Bitmap #cards 512 size 80 coarsen threshold 460 Card regions per heap region 1 cards per card region 2048
 CPUs: 16 total, 16 available
 Memory: 15556M
 Large Page Support: Disabled
 NUMA Support: Disabled
 Compressed Oops: Enabled (32-bit)
 Heap Region Size: 1M
 Heap Min Capacity: 256M
 Heap Initial Capacity: 256M
 Heap Max Capacity: 512M
 Pre-touch: Disabled
 Parallel Workers: 13
 Concurrent Workers: 3
 Concurrent Refinement Workers: 13
 Periodic GC: Disabled
Heap:
 garbage-first heap   total 262144K, used 233213K [0x00000000e0000000, 0x0000000100000000)
  region size 1024K, 142 young (145408K), 8 survivors (8192K)
 Metaspace       used 68517K, committed 70720K, reserved 393216K
  class space    used 10021K, committed 11072K, reserved 327680K
GC Heap History (16 events):
Event: 0.482 GC heap before
{Heap before GC invocations=0 (full 0):
 garbage-first heap   total 262144K, used 23552K [0x00000000e0000000, 0x0000000100000000)
  region size 1024K, 23 young (23552K), 0 survivors (0K)
 Metaspace       used 948K, committed 1088K, reserved 393216K
  class space    used 78K, committed 128K, reserved 327680K
}
Event: 0.484 GC heap after
{Heap after GC invocations=1 (full 0):
 garbage-first heap   total 262144K, used 1994K [0x00000000e0000000, 0x0000000100000000)
  region size 1024K, 2 young (2048K), 2 survivors (2048K)
 Metaspace       used 948K, committed 1088K, reserved 393216K
  class space    used 78K, committed 128K, reserved 327680K
}
Event: 1.283 GC heap before
{Heap before GC invocations=1 (full 0):
 garbage-first heap   total 262144K, used 40906K [0x00000000e0000000, 0x0000000100000000)
  region size 1024K, 38 young (38912K), 2 survivors (2048K)
 Metaspace       used 4519K, committed 4672K, reserved 393216K
  class space    used 565K, committed 640K, reserved 327680K
}
Event: 1.288 GC heap after
{Heap after GC invocations=2 (full 0):
 garbage-first heap   total 262144K, used 11469K [0x00000000e0000000, 0x0000000100000000)
  region size 1024K, 5 young (5120K), 5 survivors (5120K)
 Metaspace       used 4519K, committed 4672K, reserved 393216K
  class space    used 565K, committed 640K, reserved 327680K
}
Event: 3.464 GC heap before
{Heap before GC invocations=2 (full 0):
 garbage-first heap   total 262144K, used 165069K [0x00000000e0000000, 0x0000000100000000)
  region size 1024K, 153 young (156672K), 5 survivors (5120K)
 Metaspace       used 18508K, committed 19072K, reserved 393216K
  class space    used 2606K, committed 2880K, reserved 327680K
}
Event: 3.473 GC heap after
{Heap after GC invocations=3 (full 0):
 garbage-first heap   total 262144K, used 22849K [0x00000000e0000000, 0x0000000100000000)
  region size 1024K, 16 young (16384K), 16 survivors (16384K)
 Metaspace       used 18508K, committed 19072K, reserved 393216K
  class space    used 2606K, committed 2880K, reserved 327680K
}
Event: 3.935 GC heap before
{Heap before GC invocations=3 (full 0):
 garbage-first heap   total 262144K, used 43329K [0x00000000e0000000, 0x0000000100000000)
  region size 1024K, 37 young (37888K), 16 survivors (16384K)
 Metaspace       used 20875K, committed 21504K, reserved 393216K
  class space    used 3027K, committed 3328K, reserved 327680K
}
Event: 3.940 GC heap after
{Heap after GC invocations=4 (full 0):
 garbage-first heap   total 262144K, used 24733K [0x00000000e0000000, 0x0000000100000000)
  region size 1024K, 13 young (13312K), 13 survivors (13312K)
 Metaspace       used 20875K, committed 21504K, reserved 393216K
  class space    used 3027K, committed 3328K, reserved 327680K
}
Event: 5.796 GC heap before
{Heap before GC invocations=5 (full 0):
 garbage-first heap   total 262144K, used 152733K [0x00000000e0000000, 0x0000000100000000)
  region size 1024K, 114 young (116736K), 13 survivors (13312K)
 Metaspace       used 35049K, committed 35968K, reserved 393216K
  class space    used 5048K, committed 5504K, reserved 327680K
}
Event: 5.803 GC heap after
{Heap after GC invocations=6 (full 0):
 garbage-first heap   total 262144K, used 60403K [0x00000000e0000000, 0x0000000100000000)
  region size 1024K, 11 young (11264K), 11 survivors (11264K)
 Metaspace       used 35049K, committed 35968K, reserved 393216K
  class space    used 5048K, committed 5504K, reserved 327680K
}
Event: 7.680 GC heap before
{Heap before GC invocations=7 (full 0):
 garbage-first heap   total 262144K, used 226291K [0x00000000e0000000, 0x0000000100000000)
  region size 1024K, 153 young (156672K), 11 survivors (11264K)
 Metaspace       used 47305K, committed 48960K, reserved 393216K
  class space    used 6825K, committed 7616K, reserved 327680K
}
Event: 7.688 GC heap after
{Heap after GC invocations=8 (full 0):
 garbage-first heap   total 262144K, used 87512K [0x00000000e0000000, 0x0000000100000000)
  region size 1024K, 20 young (20480K), 20 survivors (20480K)
 Metaspace       used 47305K, committed 48960K, reserved 393216K
  class space    used 6825K, committed 7616K, reserved 327680K
}
Event: 9.368 GC heap before
{Heap before GC invocations=8 (full 0):
 garbage-first heap   total 262144K, used 212440K [0x00000000e0000000, 0x0000000100000000)
  region size 1024K, 141 young (144384K), 20 survivors (20480K)
 Metaspace       used 58152K, committed 60160K, reserved 393216K
  class space    used 8408K, committed 9408K, reserved 327680K
}
Event: 9.378 GC heap after
{Heap after GC invocations=9 (full 0):
 garbage-first heap   total 262144K, used 95843K [0x00000000e0000000, 0x0000000100000000)
  region size 1024K, 18 young (18432K), 18 survivors (18432K)
 Metaspace       used 58152K, committed 60160K, reserved 393216K
  class space    used 8408K, committed 9408K, reserved 327680K
}
Event: 9.425 GC heap before
{Heap before GC invocations=9 (full 0):
 garbage-first heap   total 262144K, used 98915K [0x00000000e0000000, 0x0000000100000000)
  region size 1024K, 22 young (22528K), 18 survivors (18432K)
 Metaspace       used 58461K, committed 60480K, reserved 393216K
  class space    used 8465K, committed 9472K, reserved 327680K
}
Event: 9.432 GC heap after
{Heap after GC invocations=10 (full 0):
 garbage-first heap   total 262144K, used 95997K [0x00000000e0000000, 0x0000000100000000)
  region size 1024K, 8 young (8192K), 8 survivors (8192K)
 Metaspace       used 58461K, committed 60480K, reserved 393216K
  class space    used 8465K, committed 9472K, reserved 327680K
}

